c:\users\jonas\documents\programming\c++\c3dtracing\c3dtracing\x64\debug\c3dtracing.pch
c:\users\jonas\documents\programming\c++\c3dtracing\c3dtracing\x64\debug\vc141.pdb
c:\users\jonas\documents\programming\c++\c3dtracing\c3dtracing\x64\debug\vc141.idb
c:\users\jonas\documents\programming\c++\c3dtracing\c3dtracing\x64\debug\pch.obj
c:\users\jonas\documents\programming\c++\c3dtracing\c3dtracing\x64\debug\main.obj
c:\users\jonas\documents\programming\c++\c3dtracing\x64\debug\c3dtracing.exe
c:\users\jonas\documents\programming\c++\c3dtracing\x64\debug\c3dtracing.ilk
c:\users\jonas\documents\programming\c++\c3dtracing\x64\debug\c3dtracing.pdb
c:\users\jonas\documents\programming\c++\c3dtracing\c3dtracing\x64\debug\inverteddisk.obj
c:\users\jonas\documents\programming\c++\c3dtracing\c3dtracing\x64\debug\sphere.obj
c:\users\jonas\documents\programming\c++\c3dtracing\c3dtracing\x64\debug\vec3.obj
c:\users\jonas\documents\programming\c++\c3dtracing\c3dtracing\x64\debug\vc142.idb
c:\users\jonas\documents\programming\c++\c3dtracing\c3dtracing\x64\debug\vc142.pdb
c:\users\jonas\documents\programming\c++\c3dtracing\c3dtracing\x64\debug\c3dtracing.tlog\cl.command.1.tlog
c:\users\jonas\documents\programming\c++\c3dtracing\c3dtracing\x64\debug\c3dtracing.tlog\cl.read.1.tlog
c:\users\jonas\documents\programming\c++\c3dtracing\c3dtracing\x64\debug\c3dtracing.tlog\cl.write.1.tlog
c:\users\jonas\documents\programming\c++\c3dtracing\c3dtracing\x64\debug\c3dtracing.tlog\link-cvtres.read.1.tlog
c:\users\jonas\documents\programming\c++\c3dtracing\c3dtracing\x64\debug\c3dtracing.tlog\link-cvtres.write.1.tlog
c:\users\jonas\documents\programming\c++\c3dtracing\c3dtracing\x64\debug\c3dtracing.tlog\link-rc.read.1.tlog
c:\users\jonas\documents\programming\c++\c3dtracing\c3dtracing\x64\debug\c3dtracing.tlog\link-rc.write.1.tlog
c:\users\jonas\documents\programming\c++\c3dtracing\c3dtracing\x64\debug\c3dtracing.tlog\link.command.1.tlog
c:\users\jonas\documents\programming\c++\c3dtracing\c3dtracing\x64\debug\c3dtracing.tlog\link.read.1.tlog
c:\users\jonas\documents\programming\c++\c3dtracing\c3dtracing\x64\debug\c3dtracing.tlog\link.write.1.tlog
