Determining if the pthread_create exist failed with the following output:
Change Dir: /home/jonas/Documents/Programming/C++/C3D Tracing/C3DTracing/cmake-build-debug/CMakeFiles/CMakeTmp

Run Build Command(s):/usr/bin/make cmTC_a231e/fast 
/usr/bin/make -f CMakeFiles/cmTC_a231e.dir/build.make CMakeFiles/cmTC_a231e.dir/build
make[1]: Entering directory '/home/jonas/Documents/Programming/C++/C3D Tracing/C3DTracing/cmake-build-debug/CMakeFiles/CMakeTmp'
Building C object CMakeFiles/cmTC_a231e.dir/CheckSymbolExists.c.o
/usr/bin/cc    -o CMakeFiles/cmTC_a231e.dir/CheckSymbolExists.c.o   -c "/home/jonas/Documents/Programming/C++/C3D Tracing/C3DTracing/cmake-build-debug/CMakeFiles/CMakeTmp/CheckSymbolExists.c"
Linking C executable cmTC_a231e
/usr/bin/cmake -E cmake_link_script CMakeFiles/cmTC_a231e.dir/link.txt --verbose=1
/usr/bin/cc      CMakeFiles/cmTC_a231e.dir/CheckSymbolExists.c.o  -o cmTC_a231e 
/usr/bin/ld: CMakeFiles/cmTC_a231e.dir/CheckSymbolExists.c.o: in function `main':
CheckSymbolExists.c:(.text+0x1b): undefined reference to `pthread_create'
collect2: error: ld returned 1 exit status
make[1]: *** [CMakeFiles/cmTC_a231e.dir/build.make:87: cmTC_a231e] Error 1
make[1]: Leaving directory '/home/jonas/Documents/Programming/C++/C3D Tracing/C3DTracing/cmake-build-debug/CMakeFiles/CMakeTmp'
make: *** [Makefile:121: cmTC_a231e/fast] Error 2

File /home/jonas/Documents/Programming/C++/C3D Tracing/C3DTracing/cmake-build-debug/CMakeFiles/CMakeTmp/CheckSymbolExists.c:
/* */
#include <pthread.h>

int main(int argc, char** argv)
{
  (void)argv;
#ifndef pthread_create
  return ((int*)(&pthread_create))[argc];
#else
  (void)argc;
  return 0;
#endif
}

Determining if the function pthread_create exists in the pthreads failed with the following output:
Change Dir: /home/jonas/Documents/Programming/C++/C3D Tracing/C3DTracing/cmake-build-debug/CMakeFiles/CMakeTmp

Run Build Command(s):/usr/bin/make cmTC_cced4/fast 
/usr/bin/make -f CMakeFiles/cmTC_cced4.dir/build.make CMakeFiles/cmTC_cced4.dir/build
make[1]: Entering directory '/home/jonas/Documents/Programming/C++/C3D Tracing/C3DTracing/cmake-build-debug/CMakeFiles/CMakeTmp'
Building C object CMakeFiles/cmTC_cced4.dir/CheckFunctionExists.c.o
/usr/bin/cc   -DCHECK_FUNCTION_EXISTS=pthread_create   -o CMakeFiles/cmTC_cced4.dir/CheckFunctionExists.c.o   -c /usr/share/cmake-3.14/Modules/CheckFunctionExists.c
Linking C executable cmTC_cced4
/usr/bin/cmake -E cmake_link_script CMakeFiles/cmTC_cced4.dir/link.txt --verbose=1
/usr/bin/cc  -DCHECK_FUNCTION_EXISTS=pthread_create    CMakeFiles/cmTC_cced4.dir/CheckFunctionExists.c.o  -o cmTC_cced4 -lpthreads 
/usr/bin/ld: cannot find -lpthreads
collect2: error: ld returned 1 exit status
make[1]: *** [CMakeFiles/cmTC_cced4.dir/build.make:87: cmTC_cced4] Error 1
make[1]: Leaving directory '/home/jonas/Documents/Programming/C++/C3D Tracing/C3DTracing/cmake-build-debug/CMakeFiles/CMakeTmp'
make: *** [Makefile:121: cmTC_cced4/fast] Error 2


